<?xml version="1.0" encoding="UTF-8"?>
<testsuite name="ingreso a cuenta" tests="1" skipped="0" failures="0" errors="0" timestamp="2022-03-29T10:49:56" hostname="DESKTOP-90O2SEU" time="27.332">
  <properties/>
  <testcase name="Ingreso fallido a cuenta de usuario" classname="ingreso a cuenta" time="27.332"/>
  <system-out><![CDATA[]]></system-out>
  <system-err><![CDATA[mar 29, 2022 5:49:57 A. M. org.openqa.selenium.remote.DesiredCapabilities chrome
INFORMACIÓN: Using `new ChromeOptions()` is preferred to `DesiredCapabilities.chrome()`
Starting ChromeDriver 99.0.4844.51 (d537ec02474b5afe23684e7963d538896c63ac77-refs/branch-heads/4844@{#875}) on port 24503
Only local connections are allowed.
Please see https://chromedriver.chromium.org/security-considerations for suggestions on keeping ChromeDriver safe.
ChromeDriver was started successfully.
mar 29, 2022 5:50:01 A. M. org.openqa.selenium.remote.ProtocolHandshake createSession
INFORMACIÓN: Detected dialect: W3C
]]></system-err>
</testsuite>
